<?xml version="1.0" encoding="UTF-8" ?>
<testsuite tests="25" failures="0" name="org.olf.rs.circ.client.unitTests.clients.NcipClientUnitSuiteTest" time="2.4" errors="0" skipped="0">
  <properties>
[...]
</properties>
  <testcase classname="org.olf.rs.circ.client.unitTests.clients.NCIP1ClientTests" name="testClientPrint" time="2.344"/>
  <testcase classname="org.olf.rs.circ.client.unitTests.clients.NCIP1ClientTests" name="testSetEndpoint" time="0.002"/>
  <testcase classname="org.olf.rs.circ.client.unitTests.clients.NCIP1ClientTests" name="testSetSocketAsString" time="0"/>
  <testcase classname="org.olf.rs.circ.client.unitTests.clients.NCIP1ClientTests" name="setStrictSocket" time="0.001"/>
  <testcase classname="org.olf.rs.circ.client.unitTests.clients.NCIP1ClientTests" name="setUseSocket" time="0.001"/>
  <testcase classname="org.olf.rs.circ.client.unitTests.clients.NCIP1ClientTests" name="testCutomSocket" time="0"/>
  <testcase classname="org.olf.rs.circ.client.unitTests.clients.NCIP2ClientTests" name="testClientPrintNoNamespace" time="0.016"/>
  <testcase classname="org.olf.rs.circ.client.unitTests.clients.NCIP2ClientTests" name="testClientPrint" time="0.016"/>
  <testcase classname="org.olf.rs.circ.client.unitTests.clients.NCIP2WMSClientTests" name="testAcceptItemNotSupported" time="0.001"/>
  <testcase classname="org.olf.rs.circ.client.unitTests.clients.NCIP2WMSClientTests" name="testNoEndpoint" time="0.001"/>
  <testcase classname="org.olf.rs.circ.client.unitTests.clients.NCIP2WMSClientTests" name="testNoLookupuserEndpoint" time="0.001"/>
  <testcase classname="org.olf.rs.circ.client.unitTests.clients.NCIP2WMSClientTests" name="testNoApiKey" time="0.001"/>
  <testcase classname="org.olf.rs.circ.client.unitTests.clients.NCIP2WMSClientTests" name="testNoApiSecret" time="0.001"/>
  <testcase classname="org.olf.rs.circ.client.unitTests.clients.NCIP2WMSClientTests" name="testSetVars" time="0"/>
  <testcase classname="org.olf.rs.circ.client.unitTests.clients.NCIP2WMSClientTests" name="testCaseInsensitive" time="0"/>
  <testcase classname="org.olf.rs.circ.client.unitTests.clients.NCIP2WMSClientTests" name="testClientPrint" time="0.009"/>
  <testcase classname="org.olf.rs.circ.client.unitTests.clients.NCIPClientWrapperTests" name="testSetTimeout" time="0.001"/>
  <testcase classname="org.olf.rs.circ.client.unitTests.clients.NCIPClientWrapperTests" name="testConstructorForNCIPOne" time="0.001"/>
  <testcase classname="org.olf.rs.circ.client.unitTests.clients.NCIPClientWrapperTests" name="testConstructorForNCIPOneStrictSocket" time="0"/>
  <testcase classname="org.olf.rs.circ.client.unitTests.clients.NCIPClientWrapperTests" name="testConstructorForNCIPTwo" time="0.001"/>
  <testcase classname="org.olf.rs.circ.client.unitTests.clients.NCIPClientWrapperTests" name="testConstructorForNCIPWMS" time="0"/>
  <testcase classname="org.olf.rs.circ.client.unitTests.clients.NCIPClientWrapperTests" name="testConstructorForNCIPSocket" time="0"/>
  <testcase classname="org.olf.rs.circ.client.unitTests.clients.NCIPClientWrapperTests" name="testToMap" time="0.001"/>
  <testcase classname="org.olf.rs.circ.client.unitTests.clients.NCIPClientWrapperTests" name="testToMapTwo" time="0.001"/>
  <testcase classname="org.olf.rs.circ.client.unitTests.clients.NCIPClientWrapperTests" name="testConstructException" time="0.001"/>
</testsuite>