<?xml version="1.0" encoding="UTF-8" ?>
<testsuite tests="29" failures="0" name="org.olf.rs.circ.client.unitTests.transactions.NcipTransactionsUnitSuiteTest" time="0.223" errors="0" skipped="0">
  <properties>
[...]
</properties>
  <testcase classname="org.olf.rs.circ.client.unitTests.transactions.AcceptItemTests" name="testConstructNcip2Response" time="0"/>
  <testcase classname="org.olf.rs.circ.client.unitTests.transactions.AcceptItemTests" name="testGenerateNcip1Object" time="0.172"/>
  <testcase classname="org.olf.rs.circ.client.unitTests.transactions.AcceptItemTests" name="testConstructNcip1Response" time="0.002"/>
  <testcase classname="org.olf.rs.circ.client.unitTests.transactions.AcceptItemTests" name="testGenerateNcip2Object" time="0.003"/>
  <testcase classname="org.olf.rs.circ.client.unitTests.transactions.CheckinItemTests" name="testConstructNcip2Response" time="0.001"/>
  <testcase classname="org.olf.rs.circ.client.unitTests.transactions.CheckinItemTests" name="testGenerateNcip1Object" time="0.006"/>
  <testcase classname="org.olf.rs.circ.client.unitTests.transactions.CheckinItemTests" name="testConstructNcip1Response" time="0.001"/>
  <testcase classname="org.olf.rs.circ.client.unitTests.transactions.CheckinItemTests" name="testGenerateNcip2Object" time="0.001"/>
  <testcase classname="org.olf.rs.circ.client.unitTests.transactions.CheckoutItemTests" name="testConstructNcip2Response" time="0.002"/>
  <testcase classname="org.olf.rs.circ.client.unitTests.transactions.CheckoutItemTests" name="testGenerateNcip1Object" time="0.007"/>
  <testcase classname="org.olf.rs.circ.client.unitTests.transactions.CheckoutItemTests" name="testConstructNcip1Response" time="0.001"/>
  <testcase classname="org.olf.rs.circ.client.unitTests.transactions.CheckoutItemTests" name="testGenerateNcip2Object" time="0.001"/>
  <testcase classname="org.olf.rs.circ.client.unitTests.transactions.LookupUserTests" name="testConstructNcip2Response" time="0.003"/>
  <testcase classname="org.olf.rs.circ.client.unitTests.transactions.LookupUserTests" name="testGenerateNcip1Object" time="0.008"/>
  <testcase classname="org.olf.rs.circ.client.unitTests.transactions.LookupUserTests" name="testConstructNcip1Response" time="0.003"/>
  <testcase classname="org.olf.rs.circ.client.unitTests.transactions.LookupUserTests" name="testGenerateNcip2Object" time="0.001"/>
  <testcase classname="org.olf.rs.circ.client.unitTests.transactions.LookupUserTests" name="testConstructNcip1BlockedResponse" time="0.002"/>
  <testcase classname="org.olf.rs.circ.client.unitTests.transactions.LookupUserTests" name="testConstructNcip2ResponseWithNull" time="0"/>
  <testcase classname="org.olf.rs.circ.client.unitTests.transactions.LookupUserTests" name="testConstructNcip1ResponseWithNull" time="0.001"/>
  <testcase classname="org.olf.rs.circ.client.unitTests.transactions.LookupUserTests" name="testMissingPermission" time="0"/>
  <testcase classname="org.olf.rs.circ.client.unitTests.transactions.LookupUserTests" name="testUnsupportedMedia" time="0.001"/>
  <testcase classname="org.olf.rs.circ.client.unitTests.transactions.LookupUserTests" name="testUnsupportedEndpoint" time="0"/>
  <testcase classname="org.olf.rs.circ.client.unitTests.transactions.LookupUserTests" name="testBadRequest" time="0.001"/>
  <testcase classname="org.olf.rs.circ.client.unitTests.transactions.LookupUserTests" name="testGoodPatron" time="0.001"/>
  <testcase classname="org.olf.rs.circ.client.unitTests.transactions.LookupUserTests" name="testBlockedPatron" time="0.001"/>
  <testcase classname="org.olf.rs.circ.client.unitTests.transactions.LookupUserTests" name="checkEmailPattern" time="0.001"/>
  <testcase classname="org.olf.rs.circ.client.unitTests.transactions.LookupUserTests" name="testPatronNotFound" time="0.003"/>
  <testcase classname="org.olf.rs.circ.client.unitTests.transactions.LookupUserTests" name="testExpiredPatron" time="0"/>
  <testcase classname="org.olf.rs.circ.client.unitTests.transactions.LookupUserTests" name="testNotAuthorized" time="0"/>
</testsuite>